🩺 The doctor is checking the health of your Storybook..
╭ Incompatible packages found ─────────────────────────────────────────────────────────────────────────────────────────────────────╮
│                                                                                                                                  │
│   The following packages are incompatible with Storybook 7.6.17 as they depend on different major versions of Storybook          │
│   packages:                                                                                                                      │
│   - @storybook/addon-actions@6.5.9 (7.6.17 available!)                                                                           │
│   Repo: https://github.com/storybookjs/storybook/tree/main/addons/actions                                                        │
│   - @storybook/addon-essentials@6.5.9 (7.6.17 available!)                                                                        │
│   Repo: https://github.com/storybookjs/storybook/tree/main/addons/essentials                                                     │
│   - @storybook/addon-links@6.5.9 (7.6.17 available!)                                                                             │
│   Repo: https://github.com/storybookjs/storybook/tree/main/addons/links                                                          │
│                                                                                                                                  │
│                                                                                                                                  │
│   Please consider updating your packages or contacting the maintainers for compatibility details.                                │
│   For more on Storybook 8 compatibility, see the linked GitHub issue:                                                            │
│   https://github.com/storybookjs/storybook/issues/26031                                                                          │
│                                                                                                                                  │
╰──────────────────────────────────────────────────────────────────────────────────────────────────────────────────────────────────╯

You can always recheck the health of your project by running:
npx storybook@latest doctor

Full logs are available in C:\Users\14317\Desktop\template-react-component-library-master\doctor-storybook.log

